2017-04-27 02:46:49,228 [WARN] from io.netty.util.NetUtil in main - Failed to retrieve the list of available network interfaces
java.net.SocketException: Cannot assign requested address (ioctl SIOCGIFNETMASK failed)
	at java.net.NetworkInterface.getAll(Native Method) ~[na:1.8.0_131]
	at java.net.NetworkInterface.getNetworkInterfaces(NetworkInterface.java:343) ~[na:1.8.0_131]
	at io.netty.util.NetUtil.<clinit>(NetUtil.java:156) ~[netty-common-4.0.41.Final.jar:4.0.41.Final]
	at io.netty.channel.socket.DefaultServerSocketChannelConfig.<init>(DefaultServerSocketChannelConfig.java:39) [netty-transport-4.0.41.Final.jar:4.0.41.Final]
	at io.netty.channel.socket.nio.NioServerSocketChannel$NioServerSocketChannelConfig.<init>(NioServerSocketChannel.java:194) [netty-transport-4.0.41.Final.jar:4.0.41.Final]
	at io.netty.channel.socket.nio.NioServerSocketChannel$NioServerSocketChannelConfig.<init>(NioServerSocketChannel.java:192) [netty-transport-4.0.41.Final.jar:4.0.41.Final]
	at io.netty.channel.socket.nio.NioServerSocketChannel.<init>(NioServerSocketChannel.java:86) [netty-transport-4.0.41.Final.jar:4.0.41.Final]
	at io.netty.channel.socket.nio.NioServerSocketChannel.<init>(NioServerSocketChannel.java:71) [netty-transport-4.0.41.Final.jar:4.0.41.Final]
	at sun.reflect.NativeConstructorAccessorImpl.newInstance0(Native Method) [na:1.8.0_131]
	at sun.reflect.NativeConstructorAccessorImpl.newInstance(NativeConstructorAccessorImpl.java:62) [na:1.8.0_131]
	at sun.reflect.DelegatingConstructorAccessorImpl.newInstance(DelegatingConstructorAccessorImpl.java:45) [na:1.8.0_131]
	at java.lang.reflect.Constructor.newInstance(Constructor.java:423) [na:1.8.0_131]
	at java.lang.Class.newInstance(Class.java:442) [na:1.8.0_131]
	at io.netty.bootstrap.AbstractBootstrap$BootstrapChannelFactory.newChannel(AbstractBootstrap.java:458) [netty-transport-4.0.41.Final.jar:4.0.41.Final]
	at io.netty.bootstrap.AbstractBootstrap.initAndRegister(AbstractBootstrap.java:309) [netty-transport-4.0.41.Final.jar:4.0.41.Final]
	at io.netty.bootstrap.AbstractBootstrap.doBind(AbstractBootstrap.java:271) [netty-transport-4.0.41.Final.jar:4.0.41.Final]
	at io.netty.bootstrap.AbstractBootstrap.bind(AbstractBootstrap.java:235) [netty-transport-4.0.41.Final.jar:4.0.41.Final]
	at play.core.server.NettyServer.bind(NettyServer.scala:139) [play-netty-server_2.11-2.5.10.jar:2.5.10]
	at play.core.server.NettyServer.play$core$server$NettyServer$$bindChannel(NettyServer.scala:224) [play-netty-server_2.11-2.5.10.jar:2.5.10]
	at play.core.server.NettyServer$$anonfun$1.apply(NettyServer.scala:216) [play-netty-server_2.11-2.5.10.jar:2.5.10]
	at play.core.server.NettyServer$$anonfun$1.apply(NettyServer.scala:216) [play-netty-server_2.11-2.5.10.jar:2.5.10]
	at scala.Option.map(Option.scala:146) [scala-library-2.11.8.jar:na]
	at play.core.server.NettyServer.<init>(NettyServer.scala:216) [play-netty-server_2.11-2.5.10.jar:2.5.10]
	at play.core.server.NettyServerProvider.createServer(NettyServer.scala:279) [play-netty-server_2.11-2.5.10.jar:2.5.10]
	at play.core.server.NettyServerProvider.createServer(NettyServer.scala:278) [play-netty-server_2.11-2.5.10.jar:2.5.10]
	at play.core.server.ServerProvider$class.createServer(ServerProvider.scala:25) [play-server_2.11-2.5.10.jar:2.5.10]
	at play.core.server.NettyServerProvider.createServer(NettyServer.scala:278) [play-netty-server_2.11-2.5.10.jar:2.5.10]
	at com.lightbend.lagom.discovery.ServiceLocatorServer.createServer(ServiceLocatorServer.scala:60) [lagom-service-locator_2.11-1.3.2.jar:1.3.2]
	at com.lightbend.lagom.discovery.ServiceLocatorServer.start(ServiceLocatorServer.scala:36) [lagom-service-locator_2.11-1.3.2.jar:1.3.2]
	at sun.reflect.NativeMethodAccessorImpl.invoke0(Native Method) ~[na:1.8.0_131]
	at sun.reflect.NativeMethodAccessorImpl.invoke(NativeMethodAccessorImpl.java:62) ~[na:1.8.0_131]
	at sun.reflect.DelegatingMethodAccessorImpl.invoke(DelegatingMethodAccessorImpl.java:43) ~[na:1.8.0_131]
	at java.lang.reflect.Method.invoke(Method.java:498) ~[na:1.8.0_131]
	at com.lightbend.lagom.dev.Servers$ServiceLocator$$anonfun$start$1.apply(Servers.scala:95) [lagom-build-tool-support-1.3.2.jar:1.3.2]
	at com.lightbend.lagom.dev.Servers$ServiceLocator$$anonfun$start$1.apply(Servers.scala:91) [lagom-build-tool-support-1.3.2.jar:1.3.2]
	at com.lightbend.lagom.dev.Servers$ServiceLocator$.withContextClassloader(Servers.scala:115) [lagom-build-tool-support-1.3.2.jar:1.3.2]
	at com.lightbend.lagom.dev.Servers$ServiceLocator$.start(Servers.scala:91) [lagom-build-tool-support-1.3.2.jar:1.3.2]
	at com.lightbend.lagom.maven.StartServiceLocatorMojo.execute(ServerMojos.scala:166) [lagom-maven-plugin-1.3.2.jar:1.3.2]
	at org.apache.maven.plugin.DefaultBuildPluginManager.executeMojo(DefaultBuildPluginManager.java:134) [maven-core-3.5.0.jar:3.5.0]
	at com.lightbend.lagom.maven.MavenFacade$$anonfun$executeMavenPluginGoal$1.apply$mcZ$sp(MavenFacade.scala:195) [lagom-maven-plugin-1.3.2.jar:1.3.2]
	at com.lightbend.lagom.maven.MavenFacade$$anonfun$executeMavenPluginGoal$1.apply(MavenFacade.scala:194) [lagom-maven-plugin-1.3.2.jar:1.3.2]
	at com.lightbend.lagom.maven.MavenFacade$$anonfun$executeMavenPluginGoal$1.apply(MavenFacade.scala:194) [lagom-maven-plugin-1.3.2.jar:1.3.2]
	at com.lightbend.lagom.maven.MavenFacade.com$lightbend$lagom$maven$MavenFacade$$switchProject(MavenFacade.scala:228) [lagom-maven-plugin-1.3.2.jar:1.3.2]
	at com.lightbend.lagom.maven.MavenFacade.executeMavenPluginGoal(MavenFacade.scala:194) [lagom-maven-plugin-1.3.2.jar:1.3.2]
	at com.lightbend.lagom.maven.StartAllMojo.executeGoal(ServiceMojos.scala:267) [lagom-maven-plugin-1.3.2.jar:1.3.2]
	at com.lightbend.lagom.maven.StartAllMojo.execute(ServiceMojos.scala:258) [lagom-maven-plugin-1.3.2.jar:1.3.2]
	at org.apache.maven.plugin.DefaultBuildPluginManager.executeMojo(DefaultBuildPluginManager.java:134) [maven-core-3.5.0.jar:3.5.0]
	at com.lightbend.lagom.maven.MavenFacade$$anonfun$executeMavenPluginGoal$1.apply$mcZ$sp(MavenFacade.scala:195) [lagom-maven-plugin-1.3.2.jar:1.3.2]
	at com.lightbend.lagom.maven.MavenFacade$$anonfun$executeMavenPluginGoal$1.apply(MavenFacade.scala:194) [lagom-maven-plugin-1.3.2.jar:1.3.2]
	at com.lightbend.lagom.maven.MavenFacade$$anonfun$executeMavenPluginGoal$1.apply(MavenFacade.scala:194) [lagom-maven-plugin-1.3.2.jar:1.3.2]
	at com.lightbend.lagom.maven.MavenFacade.com$lightbend$lagom$maven$MavenFacade$$switchProject(MavenFacade.scala:228) [lagom-maven-plugin-1.3.2.jar:1.3.2]
	at com.lightbend.lagom.maven.MavenFacade.executeMavenPluginGoal(MavenFacade.scala:194) [lagom-maven-plugin-1.3.2.jar:1.3.2]
	at com.lightbend.lagom.maven.RunAllMojo.executeGoal(ServiceMojos.scala:324) [lagom-maven-plugin-1.3.2.jar:1.3.2]
	at com.lightbend.lagom.maven.RunAllMojo.execute(ServiceMojos.scala:308) [lagom-maven-plugin-1.3.2.jar:1.3.2]
	at org.apache.maven.plugin.DefaultBuildPluginManager.executeMojo(DefaultBuildPluginManager.java:134) [maven-core-3.5.0.jar:3.5.0]
	at org.apache.maven.lifecycle.internal.MojoExecutor.execute(MojoExecutor.java:208) [maven-core-3.5.0.jar:3.5.0]
	at org.apache.maven.lifecycle.internal.MojoExecutor.execute(MojoExecutor.java:154) [maven-core-3.5.0.jar:3.5.0]
	at org.apache.maven.lifecycle.internal.MojoExecutor.execute(MojoExecutor.java:146) [maven-core-3.5.0.jar:3.5.0]
	at org.apache.maven.lifecycle.internal.LifecycleModuleBuilder.buildProject(LifecycleModuleBuilder.java:117) [maven-core-3.5.0.jar:3.5.0]
	at org.apache.maven.lifecycle.internal.LifecycleModuleBuilder.buildProject(LifecycleModuleBuilder.java:81) [maven-core-3.5.0.jar:3.5.0]
	at org.apache.maven.lifecycle.internal.builder.singlethreaded.SingleThreadedBuilder.build(SingleThreadedBuilder.java:51) [maven-core-3.5.0.jar:3.5.0]
	at org.apache.maven.lifecycle.internal.LifecycleStarter.execute(LifecycleStarter.java:128) [maven-core-3.5.0.jar:3.5.0]
	at org.apache.maven.DefaultMaven.doExecute(DefaultMaven.java:309) [maven-core-3.5.0.jar:3.5.0]
	at org.apache.maven.DefaultMaven.doExecute(DefaultMaven.java:194) [maven-core-3.5.0.jar:3.5.0]
	at org.apache.maven.DefaultMaven.execute(DefaultMaven.java:107) [maven-core-3.5.0.jar:3.5.0]
	at org.apache.maven.cli.MavenCli.execute(MavenCli.java:993) [maven-embedder-3.5.0.jar:3.5.0]
	at org.apache.maven.cli.MavenCli.doMain(MavenCli.java:345) [maven-embedder-3.5.0.jar:3.5.0]
	at org.apache.maven.cli.MavenCli.main(MavenCli.java:191) [maven-embedder-3.5.0.jar:3.5.0]
	at sun.reflect.NativeMethodAccessorImpl.invoke0(Native Method) ~[na:1.8.0_131]
	at sun.reflect.NativeMethodAccessorImpl.invoke(NativeMethodAccessorImpl.java:62) ~[na:1.8.0_131]
	at sun.reflect.DelegatingMethodAccessorImpl.invoke(DelegatingMethodAccessorImpl.java:43) ~[na:1.8.0_131]
	at java.lang.reflect.Method.invoke(Method.java:498) ~[na:1.8.0_131]
	at org.codehaus.plexus.classworlds.launcher.Launcher.launchEnhanced(Launcher.java:289) [plexus-classworlds-2.5.2.jar:na]
	at org.codehaus.plexus.classworlds.launcher.Launcher.launch(Launcher.java:229) [plexus-classworlds-2.5.2.jar:na]
	at org.codehaus.plexus.classworlds.launcher.Launcher.mainWithExitCode(Launcher.java:415) [plexus-classworlds-2.5.2.jar:na]
	at org.codehaus.plexus.classworlds.launcher.Launcher.main(Launcher.java:356) [plexus-classworlds-2.5.2.jar:na]
2017-04-27 02:46:49,229 [WARN] from io.netty.util.NetUtil in main - Failed to find the loopback interface
2017-04-27 02:50:48,221 [WARN] from io.netty.util.NetUtil in main - Failed to retrieve the list of available network interfaces
java.net.SocketException: Cannot assign requested address (ioctl SIOCGIFNETMASK failed)
	at java.net.NetworkInterface.getAll(Native Method) ~[na:1.8.0_131]
	at java.net.NetworkInterface.getNetworkInterfaces(NetworkInterface.java:343) ~[na:1.8.0_131]
	at io.netty.util.NetUtil.<clinit>(NetUtil.java:156) ~[netty-common-4.0.41.Final.jar:4.0.41.Final]
	at io.netty.channel.socket.DefaultServerSocketChannelConfig.<init>(DefaultServerSocketChannelConfig.java:39) [netty-transport-4.0.41.Final.jar:4.0.41.Final]
	at io.netty.channel.socket.nio.NioServerSocketChannel$NioServerSocketChannelConfig.<init>(NioServerSocketChannel.java:194) [netty-transport-4.0.41.Final.jar:4.0.41.Final]
	at io.netty.channel.socket.nio.NioServerSocketChannel$NioServerSocketChannelConfig.<init>(NioServerSocketChannel.java:192) [netty-transport-4.0.41.Final.jar:4.0.41.Final]
	at io.netty.channel.socket.nio.NioServerSocketChannel.<init>(NioServerSocketChannel.java:86) [netty-transport-4.0.41.Final.jar:4.0.41.Final]
	at io.netty.channel.socket.nio.NioServerSocketChannel.<init>(NioServerSocketChannel.java:71) [netty-transport-4.0.41.Final.jar:4.0.41.Final]
	at sun.reflect.NativeConstructorAccessorImpl.newInstance0(Native Method) [na:1.8.0_131]
	at sun.reflect.NativeConstructorAccessorImpl.newInstance(NativeConstructorAccessorImpl.java:62) [na:1.8.0_131]
	at sun.reflect.DelegatingConstructorAccessorImpl.newInstance(DelegatingConstructorAccessorImpl.java:45) [na:1.8.0_131]
	at java.lang.reflect.Constructor.newInstance(Constructor.java:423) [na:1.8.0_131]
	at java.lang.Class.newInstance(Class.java:442) [na:1.8.0_131]
	at io.netty.bootstrap.AbstractBootstrap$BootstrapChannelFactory.newChannel(AbstractBootstrap.java:458) [netty-transport-4.0.41.Final.jar:4.0.41.Final]
	at io.netty.bootstrap.AbstractBootstrap.initAndRegister(AbstractBootstrap.java:309) [netty-transport-4.0.41.Final.jar:4.0.41.Final]
	at io.netty.bootstrap.AbstractBootstrap.doBind(AbstractBootstrap.java:271) [netty-transport-4.0.41.Final.jar:4.0.41.Final]
	at io.netty.bootstrap.AbstractBootstrap.bind(AbstractBootstrap.java:235) [netty-transport-4.0.41.Final.jar:4.0.41.Final]
	at play.core.server.NettyServer.bind(NettyServer.scala:139) [play-netty-server_2.11-2.5.10.jar:2.5.10]
	at play.core.server.NettyServer.play$core$server$NettyServer$$bindChannel(NettyServer.scala:224) [play-netty-server_2.11-2.5.10.jar:2.5.10]
	at play.core.server.NettyServer$$anonfun$1.apply(NettyServer.scala:216) [play-netty-server_2.11-2.5.10.jar:2.5.10]
	at play.core.server.NettyServer$$anonfun$1.apply(NettyServer.scala:216) [play-netty-server_2.11-2.5.10.jar:2.5.10]
	at scala.Option.map(Option.scala:146) [scala-library-2.11.8.jar:na]
	at play.core.server.NettyServer.<init>(NettyServer.scala:216) [play-netty-server_2.11-2.5.10.jar:2.5.10]
	at play.core.server.NettyServerProvider.createServer(NettyServer.scala:279) [play-netty-server_2.11-2.5.10.jar:2.5.10]
	at play.core.server.NettyServerProvider.createServer(NettyServer.scala:278) [play-netty-server_2.11-2.5.10.jar:2.5.10]
	at play.core.server.ServerProvider$class.createServer(ServerProvider.scala:25) [play-server_2.11-2.5.10.jar:2.5.10]
	at play.core.server.NettyServerProvider.createServer(NettyServer.scala:278) [play-netty-server_2.11-2.5.10.jar:2.5.10]
	at com.lightbend.lagom.discovery.ServiceLocatorServer.createServer(ServiceLocatorServer.scala:60) [lagom-service-locator_2.11-1.3.2.jar:1.3.2]
	at com.lightbend.lagom.discovery.ServiceLocatorServer.start(ServiceLocatorServer.scala:36) [lagom-service-locator_2.11-1.3.2.jar:1.3.2]
	at sun.reflect.NativeMethodAccessorImpl.invoke0(Native Method) ~[na:1.8.0_131]
	at sun.reflect.NativeMethodAccessorImpl.invoke(NativeMethodAccessorImpl.java:62) ~[na:1.8.0_131]
	at sun.reflect.DelegatingMethodAccessorImpl.invoke(DelegatingMethodAccessorImpl.java:43) ~[na:1.8.0_131]
	at java.lang.reflect.Method.invoke(Method.java:498) ~[na:1.8.0_131]
	at com.lightbend.lagom.dev.Servers$ServiceLocator$$anonfun$start$1.apply(Servers.scala:95) [lagom-build-tool-support-1.3.2.jar:1.3.2]
	at com.lightbend.lagom.dev.Servers$ServiceLocator$$anonfun$start$1.apply(Servers.scala:91) [lagom-build-tool-support-1.3.2.jar:1.3.2]
	at com.lightbend.lagom.dev.Servers$ServiceLocator$.withContextClassloader(Servers.scala:115) [lagom-build-tool-support-1.3.2.jar:1.3.2]
	at com.lightbend.lagom.dev.Servers$ServiceLocator$.start(Servers.scala:91) [lagom-build-tool-support-1.3.2.jar:1.3.2]
	at com.lightbend.lagom.maven.StartServiceLocatorMojo.execute(ServerMojos.scala:166) [lagom-maven-plugin-1.3.2.jar:1.3.2]
	at org.apache.maven.plugin.DefaultBuildPluginManager.executeMojo(DefaultBuildPluginManager.java:134) [maven-core-3.5.0.jar:3.5.0]
	at com.lightbend.lagom.maven.MavenFacade$$anonfun$executeMavenPluginGoal$1.apply$mcZ$sp(MavenFacade.scala:195) [lagom-maven-plugin-1.3.2.jar:1.3.2]
	at com.lightbend.lagom.maven.MavenFacade$$anonfun$executeMavenPluginGoal$1.apply(MavenFacade.scala:194) [lagom-maven-plugin-1.3.2.jar:1.3.2]
	at com.lightbend.lagom.maven.MavenFacade$$anonfun$executeMavenPluginGoal$1.apply(MavenFacade.scala:194) [lagom-maven-plugin-1.3.2.jar:1.3.2]
	at com.lightbend.lagom.maven.MavenFacade.com$lightbend$lagom$maven$MavenFacade$$switchProject(MavenFacade.scala:228) [lagom-maven-plugin-1.3.2.jar:1.3.2]
	at com.lightbend.lagom.maven.MavenFacade.executeMavenPluginGoal(MavenFacade.scala:194) [lagom-maven-plugin-1.3.2.jar:1.3.2]
	at com.lightbend.lagom.maven.StartAllMojo.executeGoal(ServiceMojos.scala:267) [lagom-maven-plugin-1.3.2.jar:1.3.2]
	at com.lightbend.lagom.maven.StartAllMojo.execute(ServiceMojos.scala:258) [lagom-maven-plugin-1.3.2.jar:1.3.2]
	at org.apache.maven.plugin.DefaultBuildPluginManager.executeMojo(DefaultBuildPluginManager.java:134) [maven-core-3.5.0.jar:3.5.0]
	at com.lightbend.lagom.maven.MavenFacade$$anonfun$executeMavenPluginGoal$1.apply$mcZ$sp(MavenFacade.scala:195) [lagom-maven-plugin-1.3.2.jar:1.3.2]
	at com.lightbend.lagom.maven.MavenFacade$$anonfun$executeMavenPluginGoal$1.apply(MavenFacade.scala:194) [lagom-maven-plugin-1.3.2.jar:1.3.2]
	at com.lightbend.lagom.maven.MavenFacade$$anonfun$executeMavenPluginGoal$1.apply(MavenFacade.scala:194) [lagom-maven-plugin-1.3.2.jar:1.3.2]
	at com.lightbend.lagom.maven.MavenFacade.com$lightbend$lagom$maven$MavenFacade$$switchProject(MavenFacade.scala:228) [lagom-maven-plugin-1.3.2.jar:1.3.2]
	at com.lightbend.lagom.maven.MavenFacade.executeMavenPluginGoal(MavenFacade.scala:194) [lagom-maven-plugin-1.3.2.jar:1.3.2]
	at com.lightbend.lagom.maven.RunAllMojo.executeGoal(ServiceMojos.scala:324) [lagom-maven-plugin-1.3.2.jar:1.3.2]
	at com.lightbend.lagom.maven.RunAllMojo.execute(ServiceMojos.scala:308) [lagom-maven-plugin-1.3.2.jar:1.3.2]
	at org.apache.maven.plugin.DefaultBuildPluginManager.executeMojo(DefaultBuildPluginManager.java:134) [maven-core-3.5.0.jar:3.5.0]
	at org.apache.maven.lifecycle.internal.MojoExecutor.execute(MojoExecutor.java:208) [maven-core-3.5.0.jar:3.5.0]
	at org.apache.maven.lifecycle.internal.MojoExecutor.execute(MojoExecutor.java:154) [maven-core-3.5.0.jar:3.5.0]
	at org.apache.maven.lifecycle.internal.MojoExecutor.execute(MojoExecutor.java:146) [maven-core-3.5.0.jar:3.5.0]
	at org.apache.maven.lifecycle.internal.LifecycleModuleBuilder.buildProject(LifecycleModuleBuilder.java:117) [maven-core-3.5.0.jar:3.5.0]
	at org.apache.maven.lifecycle.internal.LifecycleModuleBuilder.buildProject(LifecycleModuleBuilder.java:81) [maven-core-3.5.0.jar:3.5.0]
	at org.apache.maven.lifecycle.internal.builder.singlethreaded.SingleThreadedBuilder.build(SingleThreadedBuilder.java:51) [maven-core-3.5.0.jar:3.5.0]
	at org.apache.maven.lifecycle.internal.LifecycleStarter.execute(LifecycleStarter.java:128) [maven-core-3.5.0.jar:3.5.0]
	at org.apache.maven.DefaultMaven.doExecute(DefaultMaven.java:309) [maven-core-3.5.0.jar:3.5.0]
	at org.apache.maven.DefaultMaven.doExecute(DefaultMaven.java:194) [maven-core-3.5.0.jar:3.5.0]
	at org.apache.maven.DefaultMaven.execute(DefaultMaven.java:107) [maven-core-3.5.0.jar:3.5.0]
	at org.apache.maven.cli.MavenCli.execute(MavenCli.java:993) [maven-embedder-3.5.0.jar:3.5.0]
	at org.apache.maven.cli.MavenCli.doMain(MavenCli.java:345) [maven-embedder-3.5.0.jar:3.5.0]
	at org.apache.maven.cli.MavenCli.main(MavenCli.java:191) [maven-embedder-3.5.0.jar:3.5.0]
	at sun.reflect.NativeMethodAccessorImpl.invoke0(Native Method) ~[na:1.8.0_131]
	at sun.reflect.NativeMethodAccessorImpl.invoke(NativeMethodAccessorImpl.java:62) ~[na:1.8.0_131]
	at sun.reflect.DelegatingMethodAccessorImpl.invoke(DelegatingMethodAccessorImpl.java:43) ~[na:1.8.0_131]
	at java.lang.reflect.Method.invoke(Method.java:498) ~[na:1.8.0_131]
	at org.codehaus.plexus.classworlds.launcher.Launcher.launchEnhanced(Launcher.java:289) [plexus-classworlds-2.5.2.jar:na]
	at org.codehaus.plexus.classworlds.launcher.Launcher.launch(Launcher.java:229) [plexus-classworlds-2.5.2.jar:na]
	at org.codehaus.plexus.classworlds.launcher.Launcher.mainWithExitCode(Launcher.java:415) [plexus-classworlds-2.5.2.jar:na]
	at org.codehaus.plexus.classworlds.launcher.Launcher.main(Launcher.java:356) [plexus-classworlds-2.5.2.jar:na]
2017-04-27 02:50:48,222 [WARN] from io.netty.util.NetUtil in main - Failed to find the loopback interface
2017-04-27 02:53:52,477 [WARN] from io.netty.util.NetUtil in main - Failed to retrieve the list of available network interfaces
java.net.SocketException: Cannot assign requested address (ioctl SIOCGIFNETMASK failed)
	at java.net.NetworkInterface.getAll(Native Method) ~[na:1.8.0_131]
	at java.net.NetworkInterface.getNetworkInterfaces(NetworkInterface.java:343) ~[na:1.8.0_131]
	at io.netty.util.NetUtil.<clinit>(NetUtil.java:156) ~[netty-common-4.0.41.Final.jar:4.0.41.Final]
	at io.netty.channel.socket.DefaultServerSocketChannelConfig.<init>(DefaultServerSocketChannelConfig.java:39) [netty-transport-4.0.41.Final.jar:4.0.41.Final]
	at io.netty.channel.socket.nio.NioServerSocketChannel$NioServerSocketChannelConfig.<init>(NioServerSocketChannel.java:194) [netty-transport-4.0.41.Final.jar:4.0.41.Final]
	at io.netty.channel.socket.nio.NioServerSocketChannel$NioServerSocketChannelConfig.<init>(NioServerSocketChannel.java:192) [netty-transport-4.0.41.Final.jar:4.0.41.Final]
	at io.netty.channel.socket.nio.NioServerSocketChannel.<init>(NioServerSocketChannel.java:86) [netty-transport-4.0.41.Final.jar:4.0.41.Final]
	at io.netty.channel.socket.nio.NioServerSocketChannel.<init>(NioServerSocketChannel.java:71) [netty-transport-4.0.41.Final.jar:4.0.41.Final]
	at sun.reflect.NativeConstructorAccessorImpl.newInstance0(Native Method) [na:1.8.0_131]
	at sun.reflect.NativeConstructorAccessorImpl.newInstance(NativeConstructorAccessorImpl.java:62) [na:1.8.0_131]
	at sun.reflect.DelegatingConstructorAccessorImpl.newInstance(DelegatingConstructorAccessorImpl.java:45) [na:1.8.0_131]
	at java.lang.reflect.Constructor.newInstance(Constructor.java:423) [na:1.8.0_131]
	at java.lang.Class.newInstance(Class.java:442) [na:1.8.0_131]
	at io.netty.bootstrap.AbstractBootstrap$BootstrapChannelFactory.newChannel(AbstractBootstrap.java:458) [netty-transport-4.0.41.Final.jar:4.0.41.Final]
	at io.netty.bootstrap.AbstractBootstrap.initAndRegister(AbstractBootstrap.java:309) [netty-transport-4.0.41.Final.jar:4.0.41.Final]
	at io.netty.bootstrap.AbstractBootstrap.doBind(AbstractBootstrap.java:271) [netty-transport-4.0.41.Final.jar:4.0.41.Final]
	at io.netty.bootstrap.AbstractBootstrap.bind(AbstractBootstrap.java:235) [netty-transport-4.0.41.Final.jar:4.0.41.Final]
	at play.core.server.NettyServer.bind(NettyServer.scala:139) [play-netty-server_2.11-2.5.10.jar:2.5.10]
	at play.core.server.NettyServer.play$core$server$NettyServer$$bindChannel(NettyServer.scala:224) [play-netty-server_2.11-2.5.10.jar:2.5.10]
	at play.core.server.NettyServer$$anonfun$1.apply(NettyServer.scala:216) [play-netty-server_2.11-2.5.10.jar:2.5.10]
	at play.core.server.NettyServer$$anonfun$1.apply(NettyServer.scala:216) [play-netty-server_2.11-2.5.10.jar:2.5.10]
	at scala.Option.map(Option.scala:146) [scala-library-2.11.8.jar:na]
	at play.core.server.NettyServer.<init>(NettyServer.scala:216) [play-netty-server_2.11-2.5.10.jar:2.5.10]
	at play.core.server.NettyServerProvider.createServer(NettyServer.scala:279) [play-netty-server_2.11-2.5.10.jar:2.5.10]
	at play.core.server.NettyServerProvider.createServer(NettyServer.scala:278) [play-netty-server_2.11-2.5.10.jar:2.5.10]
	at play.core.server.ServerProvider$class.createServer(ServerProvider.scala:25) [play-server_2.11-2.5.10.jar:2.5.10]
	at play.core.server.NettyServerProvider.createServer(NettyServer.scala:278) [play-netty-server_2.11-2.5.10.jar:2.5.10]
	at com.lightbend.lagom.discovery.ServiceLocatorServer.createServer(ServiceLocatorServer.scala:60) [lagom-service-locator_2.11-1.3.2.jar:1.3.2]
	at com.lightbend.lagom.discovery.ServiceLocatorServer.start(ServiceLocatorServer.scala:36) [lagom-service-locator_2.11-1.3.2.jar:1.3.2]
	at sun.reflect.NativeMethodAccessorImpl.invoke0(Native Method) ~[na:1.8.0_131]
	at sun.reflect.NativeMethodAccessorImpl.invoke(NativeMethodAccessorImpl.java:62) ~[na:1.8.0_131]
	at sun.reflect.DelegatingMethodAccessorImpl.invoke(DelegatingMethodAccessorImpl.java:43) ~[na:1.8.0_131]
	at java.lang.reflect.Method.invoke(Method.java:498) ~[na:1.8.0_131]
	at com.lightbend.lagom.dev.Servers$ServiceLocator$$anonfun$start$1.apply(Servers.scala:95) [lagom-build-tool-support-1.3.2.jar:1.3.2]
	at com.lightbend.lagom.dev.Servers$ServiceLocator$$anonfun$start$1.apply(Servers.scala:91) [lagom-build-tool-support-1.3.2.jar:1.3.2]
	at com.lightbend.lagom.dev.Servers$ServiceLocator$.withContextClassloader(Servers.scala:115) [lagom-build-tool-support-1.3.2.jar:1.3.2]
	at com.lightbend.lagom.dev.Servers$ServiceLocator$.start(Servers.scala:91) [lagom-build-tool-support-1.3.2.jar:1.3.2]
	at com.lightbend.lagom.maven.StartServiceLocatorMojo.execute(ServerMojos.scala:166) [lagom-maven-plugin-1.3.2.jar:1.3.2]
	at org.apache.maven.plugin.DefaultBuildPluginManager.executeMojo(DefaultBuildPluginManager.java:134) [maven-core-3.5.0.jar:3.5.0]
	at com.lightbend.lagom.maven.MavenFacade$$anonfun$executeMavenPluginGoal$1.apply$mcZ$sp(MavenFacade.scala:195) [lagom-maven-plugin-1.3.2.jar:1.3.2]
	at com.lightbend.lagom.maven.MavenFacade$$anonfun$executeMavenPluginGoal$1.apply(MavenFacade.scala:194) [lagom-maven-plugin-1.3.2.jar:1.3.2]
	at com.lightbend.lagom.maven.MavenFacade$$anonfun$executeMavenPluginGoal$1.apply(MavenFacade.scala:194) [lagom-maven-plugin-1.3.2.jar:1.3.2]
	at com.lightbend.lagom.maven.MavenFacade.com$lightbend$lagom$maven$MavenFacade$$switchProject(MavenFacade.scala:228) [lagom-maven-plugin-1.3.2.jar:1.3.2]
	at com.lightbend.lagom.maven.MavenFacade.executeMavenPluginGoal(MavenFacade.scala:194) [lagom-maven-plugin-1.3.2.jar:1.3.2]
	at com.lightbend.lagom.maven.StartAllMojo.executeGoal(ServiceMojos.scala:267) [lagom-maven-plugin-1.3.2.jar:1.3.2]
	at com.lightbend.lagom.maven.StartAllMojo.execute(ServiceMojos.scala:258) [lagom-maven-plugin-1.3.2.jar:1.3.2]
	at org.apache.maven.plugin.DefaultBuildPluginManager.executeMojo(DefaultBuildPluginManager.java:134) [maven-core-3.5.0.jar:3.5.0]
	at com.lightbend.lagom.maven.MavenFacade$$anonfun$executeMavenPluginGoal$1.apply$mcZ$sp(MavenFacade.scala:195) [lagom-maven-plugin-1.3.2.jar:1.3.2]
	at com.lightbend.lagom.maven.MavenFacade$$anonfun$executeMavenPluginGoal$1.apply(MavenFacade.scala:194) [lagom-maven-plugin-1.3.2.jar:1.3.2]
	at com.lightbend.lagom.maven.MavenFacade$$anonfun$executeMavenPluginGoal$1.apply(MavenFacade.scala:194) [lagom-maven-plugin-1.3.2.jar:1.3.2]
	at com.lightbend.lagom.maven.MavenFacade.com$lightbend$lagom$maven$MavenFacade$$switchProject(MavenFacade.scala:228) [lagom-maven-plugin-1.3.2.jar:1.3.2]
	at com.lightbend.lagom.maven.MavenFacade.executeMavenPluginGoal(MavenFacade.scala:194) [lagom-maven-plugin-1.3.2.jar:1.3.2]
	at com.lightbend.lagom.maven.RunAllMojo.executeGoal(ServiceMojos.scala:324) [lagom-maven-plugin-1.3.2.jar:1.3.2]
	at com.lightbend.lagom.maven.RunAllMojo.execute(ServiceMojos.scala:308) [lagom-maven-plugin-1.3.2.jar:1.3.2]
	at org.apache.maven.plugin.DefaultBuildPluginManager.executeMojo(DefaultBuildPluginManager.java:134) [maven-core-3.5.0.jar:3.5.0]
	at org.apache.maven.lifecycle.internal.MojoExecutor.execute(MojoExecutor.java:208) [maven-core-3.5.0.jar:3.5.0]
	at org.apache.maven.lifecycle.internal.MojoExecutor.execute(MojoExecutor.java:154) [maven-core-3.5.0.jar:3.5.0]
	at org.apache.maven.lifecycle.internal.MojoExecutor.execute(MojoExecutor.java:146) [maven-core-3.5.0.jar:3.5.0]
	at org.apache.maven.lifecycle.internal.LifecycleModuleBuilder.buildProject(LifecycleModuleBuilder.java:117) [maven-core-3.5.0.jar:3.5.0]
	at org.apache.maven.lifecycle.internal.LifecycleModuleBuilder.buildProject(LifecycleModuleBuilder.java:81) [maven-core-3.5.0.jar:3.5.0]
	at org.apache.maven.lifecycle.internal.builder.singlethreaded.SingleThreadedBuilder.build(SingleThreadedBuilder.java:51) [maven-core-3.5.0.jar:3.5.0]
	at org.apache.maven.lifecycle.internal.LifecycleStarter.execute(LifecycleStarter.java:128) [maven-core-3.5.0.jar:3.5.0]
	at org.apache.maven.DefaultMaven.doExecute(DefaultMaven.java:309) [maven-core-3.5.0.jar:3.5.0]
	at org.apache.maven.DefaultMaven.doExecute(DefaultMaven.java:194) [maven-core-3.5.0.jar:3.5.0]
	at org.apache.maven.DefaultMaven.execute(DefaultMaven.java:107) [maven-core-3.5.0.jar:3.5.0]
	at org.apache.maven.cli.MavenCli.execute(MavenCli.java:993) [maven-embedder-3.5.0.jar:3.5.0]
	at org.apache.maven.cli.MavenCli.doMain(MavenCli.java:345) [maven-embedder-3.5.0.jar:3.5.0]
	at org.apache.maven.cli.MavenCli.main(MavenCli.java:191) [maven-embedder-3.5.0.jar:3.5.0]
	at sun.reflect.NativeMethodAccessorImpl.invoke0(Native Method) ~[na:1.8.0_131]
	at sun.reflect.NativeMethodAccessorImpl.invoke(NativeMethodAccessorImpl.java:62) ~[na:1.8.0_131]
	at sun.reflect.DelegatingMethodAccessorImpl.invoke(DelegatingMethodAccessorImpl.java:43) ~[na:1.8.0_131]
	at java.lang.reflect.Method.invoke(Method.java:498) ~[na:1.8.0_131]
	at org.codehaus.plexus.classworlds.launcher.Launcher.launchEnhanced(Launcher.java:289) [plexus-classworlds-2.5.2.jar:na]
	at org.codehaus.plexus.classworlds.launcher.Launcher.launch(Launcher.java:229) [plexus-classworlds-2.5.2.jar:na]
	at org.codehaus.plexus.classworlds.launcher.Launcher.mainWithExitCode(Launcher.java:415) [plexus-classworlds-2.5.2.jar:na]
	at org.codehaus.plexus.classworlds.launcher.Launcher.main(Launcher.java:356) [plexus-classworlds-2.5.2.jar:na]
2017-04-27 02:53:52,478 [WARN] from io.netty.util.NetUtil in main - Failed to find the loopback interface
